<?xml version="1.0" encoding="UTF-8"?>
<!-- Generated by org.testng.reporters.JUnitXMLReporter -->
<testsuite ignored="2" hostname="DESKTOP-BEPA8F0" failures="1" tests="8" name="Test" time="32.1" errors="0" timestamp="2022-08-23T13:50:16 IST">
  <testcase classname="com.actitime.testscript.ProjectModule" name="createProject" time="0.015"/>
  <testcase classname="com.actitime.testscript.ProjectModule" name="deleteProject" time="0.002"/>
  <testcase classname="com.actitime.testscript.ProjectModule" name="modifyProject" time="0.003"/>
  <testcase classname="com.actitime.testscript.DemoTestNG" name="demoTest" time="0.005"/>
  <testcase classname="com.actitime.testscript.CustomerModule" name="createCustomer" time="0.002"/>
  <testcase classname="com.actitime.testscript.CustomerModule" name="deleteCustomer" time="0.003"/>
  <testcase classname="com.actitime.testscript.CustomerModule" name="modifyCustomer" time="0.003"/>
  <testcase classname="com.actitime.testscript.CustModule" name="createCustomer" time="5.013">
    <failure type="java.lang.AssertionError">
      <![CDATA[java.lang.AssertionError: 
at com.actitime.testscript.CustModule.createCustomer(CustModule.java:16)
at java.base/java.util.ArrayList.forEach(ArrayList.java:1511)
... Removed 27 stack frames]]>
    </failure>
  </testcase> <!-- createCustomer -->
  <testcase classname="com.actitime.generic.BaseClass" name="@AfterTest closeBrowser" time="0.0">
    <ignored/>
  </testcase> <!-- @AfterTest closeBrowser -->
  <testcase classname="com.actitime.generic.BaseClass" name="@BeforeTest openBrowser" time="0.0">
    <ignored/>
  </testcase> <!-- @BeforeTest openBrowser -->
</testsuite> <!-- Test -->
