<?xml version="1.0" encoding="UTF-8"?>
<!-- Generated by org.testng.reporters.JUnitXMLReporter -->
<testsuite ignored="0" hostname="DESKTOP-BEPA8F0" failures="1" tests="1" name="Default test(failed)" time="23.216" errors="0" timestamp="2022-08-23T20:20:37 IST">
  <testcase classname="com.actitime.testscript.CustModule" name="createCustomer" time="5.032">
    <failure type="java.lang.AssertionError" message="null">
      <![CDATA[java.lang.AssertionError: null
at com.actitime.testscript.CustModule.createCustomer(CustModule.java:22)
at java.base/java.util.ArrayList.forEach(ArrayList.java:1511)
... Removed 27 stack frames]]>
    </failure>
  </testcase> <!-- createCustomer -->
</testsuite> <!-- Default test(failed) -->
